<?xml version="1.0" encoding="UTF-8"?>
<!-- Generated by org.testng.reporters.JUnitReportReporter -->
<testsuite hostname="IWSW2103DL0217" failures="0" tests="2" name="TestCases.LoginTest" time="9.005" errors="0" timestamp="2022-12-13T16:45:19 IST" skipped="0">
  <testcase classname="TestCases.LoginTest" name="verifyLoginTest" time="8.933"/>
  <system-out/>
  <testcase classname="TestCases.LoginTest" name="validateLogoTest" time="0.072"/>
  <system-out/>
</testsuite> <!-- TestCases.LoginTest -->
